\BOOKMARK [1][-]{section.1}{Rozbor specifikac\355}{}% 1
\BOOKMARK [2][-]{subsection.1.1}{Popis}{section.1}% 2
\BOOKMARK [2][-]{subsection.1.2}{Funkcn\355 po\236adavky}{section.1}% 3
\BOOKMARK [1][-]{section.2}{Architektura/Design}{}% 4
\BOOKMARK [2][-]{subsection.2.1}{High-level}{section.2}% 5
\BOOKMARK [3][-]{subsubsection.2.1.1}{Mapov\341n\355 na funkcn\355 po\236adavky}{subsection.2.1}% 6
\BOOKMARK [2][-]{subsection.2.2}{Rozdelen\355 do funkc\355 a procedur}{section.2}% 7
\BOOKMARK [2][-]{subsection.2.3}{Implementovan\351 datov\351 struktury}{section.2}% 8
\BOOKMARK [2][-]{subsection.2.4}{Zpracov\341n\355 vstupu}{section.2}% 9
\BOOKMARK [1][-]{section.3}{Technick\341 dokumentace}{}% 10
\BOOKMARK [2][-]{subsection.3.1}{V\375cet a popis funkc\355 a procedur}{section.3}% 11
\BOOKMARK [3][-]{subsubsection.3.1.1}{MainGame}{subsection.3.1}% 12
\BOOKMARK [3][-]{subsubsection.3.1.2}{GameMap}{subsection.3.1}% 13
\BOOKMARK [3][-]{subsubsection.3.1.3}{TemperatureMap}{subsection.3.1}% 14
\BOOKMARK [3][-]{subsubsection.3.1.4}{ParticleMap}{subsection.3.1}% 15
\BOOKMARK [3][-]{subsubsection.3.1.5}{Particle}{subsection.3.1}% 16
\BOOKMARK [3][-]{subsubsection.3.1.6}{Element + ElementsSetup}{subsection.3.1}% 17
\BOOKMARK [3][-]{subsubsection.3.1.7}{Reaction}{subsection.3.1}% 18
\BOOKMARK [3][-]{subsubsection.3.1.8}{Graphics}{subsection.3.1}% 19
\BOOKMARK [3][-]{subsubsection.3.1.9}{Shapes}{subsection.3.1}% 20
\BOOKMARK [3][-]{subsubsection.3.1.10}{UIGraphics}{subsection.3.1}% 21
\BOOKMARK [3][-]{subsubsection.3.1.11}{BoardGraphics}{subsection.3.1}% 22
\BOOKMARK [3][-]{subsubsection.3.1.12}{UIManager}{subsection.3.1}% 23
\BOOKMARK [3][-]{subsubsection.3.1.13}{UIItem}{subsection.3.1}% 24
\BOOKMARK [3][-]{subsubsection.3.1.14}{GraphicState}{subsection.3.1}% 25
\BOOKMARK [3][-]{subsubsection.3.1.15}{GameState}{subsection.3.1}% 26
\BOOKMARK [1][-]{section.4}{Z\341ver}{}% 27
